<?xml version="1.0" encoding="UTF-8"?>
<testsuite name="com.soj.principle.responsiblity.BillCalculationTest" tests="2" skipped="0" failures="0" errors="0" timestamp="2022-02-14T18:00:52" hostname="DESKTOP-H3C67DB" time="0.032">
  <properties/>
  <testcase name="testToCalculateTotalAmt()" classname="com.soj.principle.responsiblity.BillCalculationTest" time="0.027"/>
  <testcase name="TestToCalculateBillOfCustomer()" classname="com.soj.principle.responsiblity.BillCalculationTest" time="0.004"/>
  <system-out><![CDATA[]]></system-out>
  <system-err><![CDATA[]]></system-err>
</testsuite>
