<?xml version="1.0" encoding="UTF-8"?>
<testsuite name="com.soj.principle.responsiblity.CustomerTest" tests="2" skipped="0" failures="0" errors="0" timestamp="2022-02-14T18:15:37" hostname="DESKTOP-H3C67DB" time="0.003">
  <properties/>
  <testcase name="testToGetNameOfCustomer()" classname="com.soj.principle.responsiblity.CustomerTest" time="0.001"/>
  <testcase name="testToGetAddressOfCustomer()" classname="com.soj.principle.responsiblity.CustomerTest" time="0.001"/>
  <system-out><![CDATA[]]></system-out>
  <system-err><![CDATA[]]></system-err>
</testsuite>
