<?xml version="1.0" encoding="UTF-8"?>
<testsuite name="com.soj.principle.responsiblity.BillCalculationTest" tests="2" skipped="0" failures="0" errors="0" timestamp="2022-02-14T18:15:37" hostname="DESKTOP-H3C67DB" time="0.03">
  <properties/>
  <testcase name="testToCalculateTotalAmt()" classname="com.soj.principle.responsiblity.BillCalculationTest" time="0.026"/>
  <testcase name="TestToCalculateBillOfCustomer()" classname="com.soj.principle.responsiblity.BillCalculationTest" time="0.003"/>
  <system-out><![CDATA[]]></system-out>
  <system-err><![CDATA[]]></system-err>
</testsuite>
