<?xml version="1.0" encoding="UTF-8"?>
<testsuite name="com.soj.principle.responsiblity.OrderTest" tests="5" skipped="0" failures="0" errors="0" timestamp="2022-02-14T18:15:37" hostname="DESKTOP-H3C67DB" time="0.005">
  <properties/>
  <testcase name="testToGetCustomer()" classname="com.soj.principle.responsiblity.OrderTest" time="0.0"/>
  <testcase name="testToGetItemName()" classname="com.soj.principle.responsiblity.OrderTest" time="0.001"/>
  <testcase name="testToGetItemPrice()" classname="com.soj.principle.responsiblity.OrderTest" time="0.0"/>
  <testcase name="testToPrepareOrder()" classname="com.soj.principle.responsiblity.OrderTest" time="0.0"/>
  <testcase name="testToGetQuantity()" classname="com.soj.principle.responsiblity.OrderTest" time="0.001"/>
  <system-out><![CDATA[DEBUG [Test worker] 2022-02-14T18:15:37,896  (line ) Delivery Order
]]></system-out>
  <system-err><![CDATA[]]></system-err>
</testsuite>
