<?xml version="1.0" encoding="UTF-8"?>
<testsuite name="com.soj.principle.responsiblity.DeliveryAppTest" tests="1" skipped="0" failures="0" errors="0" timestamp="2022-02-14T18:15:37" hostname="DESKTOP-H3C67DB" time="0.603">
  <properties/>
  <testcase name="testToDeliveryOrder()" classname="com.soj.principle.responsiblity.DeliveryAppTest" time="0.603"/>
  <system-out><![CDATA[]]></system-out>
  <system-err><![CDATA[]]></system-err>
</testsuite>
